c:\users\ben lee\repos\hw3d follow along\hw3d\debug\box.obj
c:\users\ben lee\repos\hw3d follow along\hw3d\debug\graphics.obj
c:\users\ben lee\repos\hw3d follow along\hw3d\debug\keyboard.obj
c:\users\ben lee\repos\hw3d follow along\hw3d\debug\mouse.obj
c:\users\ben lee\repos\hw3d follow along\hw3d\debug\topology.obj
c:\users\ben lee\repos\hw3d follow along\hw3d\debug\window.obj
c:\users\ben lee\repos\hw3d follow along\hw3d\debug\app.obj
c:\users\ben lee\repos\hw3d follow along\hw3d\debug\dxgiinfomanager.obj
c:\users\ben lee\repos\hw3d follow along\hw3d\debug\melon.obj
c:\users\ben lee\repos\hw3d follow along\hw3d\debug\transformcbuf.obj
c:\users\ben lee\repos\hw3d follow along\hw3d\debug\windowsmessagemap.obj
c:\users\ben lee\repos\hw3d follow along\hw3d\debug\chiliexception.obj
c:\users\ben lee\repos\hw3d follow along\hw3d\debug\chilitimer.obj
c:\users\ben lee\repos\hw3d follow along\hw3d\debug\drawable.obj
c:\users\ben lee\repos\hw3d follow along\hw3d\debug\inputlayout.obj
c:\users\ben lee\repos\hw3d follow along\hw3d\debug\pyramid.obj
c:\users\ben lee\repos\hw3d follow along\hw3d\debug\vertexshader.obj
c:\users\ben lee\repos\hw3d follow along\hw3d\debug\bindable.obj
c:\users\ben lee\repos\hw3d follow along\hw3d\debug\dxerr.obj
c:\users\ben lee\repos\hw3d follow along\hw3d\debug\indexbuffer.obj
c:\users\ben lee\repos\hw3d follow along\hw3d\debug\pixelshader.obj
c:\users\ben lee\repos\hw3d follow along\hw3d\debug\vertexbuffer.obj
c:\users\ben lee\repos\hw3d follow along\hw3d\debug\winmain.obj
c:\users\ben lee\repos\hw3d follow along\hw3d\debug\vc141.pdb
c:\users\ben lee\repos\hw3d follow along\hw3d\debug\door.obj
c:\users\ben lee\repos\hw3d follow along\hw3d\debug\surface.obj
c:\users\ben lee\repos\hw3d follow along\hw3d\debug\gdiplusmanager.obj
c:\users\ben lee\repos\hw3d follow along\hw3d\debug\sampler.obj
c:\users\ben lee\repos\hw3d follow along\hw3d\debug\texture.obj
c:\users\ben lee\repos\hw3d follow along\hw3d\debug\sheet.obj
c:\users\ben lee\repos\hw3d follow along\hw3d\debug\vc141.idb
c:\users\ben lee\repos\hw3d follow along\hw3d\debug\skinnedbox.obj
c:\users\ben lee\repos\hw3d follow along\hw3d\debug\imguimanager.obj
c:\users\ben lee\repos\hw3d follow along\hw3d\debug\imgui_demo.obj
c:\users\ben lee\repos\hw3d follow along\hw3d\debug\imgui_draw.obj
c:\users\ben lee\repos\hw3d follow along\hw3d\debug\imgui_impl_win32.obj
c:\users\ben lee\repos\hw3d follow along\hw3d\debug\imgui_widgets.obj
c:\users\ben lee\repos\hw3d follow along\hw3d\debug\imgui.obj
c:\users\ben lee\repos\hw3d follow along\hw3d\debug\imgui_impl_dx11.obj
c:\users\ben lee\repos\hw3d follow along\hw3d\pixelshader.cso
c:\users\ben lee\repos\hw3d follow along\hw3d\vertexshader.cso
c:\users\ben lee\repos\hw3d follow along\hw3d\colorblendps.cso
c:\users\ben lee\repos\hw3d follow along\hw3d\colorblendvs.cso
c:\users\ben lee\repos\hw3d follow along\hw3d\colorindexps.cso
c:\users\ben lee\repos\hw3d follow along\hw3d\colorindexvs.cso
c:\users\ben lee\repos\hw3d follow along\hw3d\texturevs.cso
c:\users\ben lee\repos\hw3d follow along\hw3d\textureps.cso
c:\users\ben lee\repos\hw3d follow along\debug\hw3d.exe
c:\users\ben lee\repos\hw3d follow along\debug\hw3d.ilk
c:\users\ben lee\repos\hw3d follow along\debug\hw3d.pdb
c:\users\ben lee\repos\hw3d follow along\hw3d\debug\hw3d.res
c:\users\ben lee\repos\hw3d follow along\hw3d\debug\hw3d.tlog\cl.command.1.tlog
c:\users\ben lee\repos\hw3d follow along\hw3d\debug\hw3d.tlog\cl.read.1.tlog
c:\users\ben lee\repos\hw3d follow along\hw3d\debug\hw3d.tlog\cl.write.1.tlog
c:\users\ben lee\repos\hw3d follow along\hw3d\debug\hw3d.tlog\fxc.command.1.tlog
c:\users\ben lee\repos\hw3d follow along\hw3d\debug\hw3d.tlog\fxc.read.1.tlog
c:\users\ben lee\repos\hw3d follow along\hw3d\debug\hw3d.tlog\fxc.write.1.tlog
c:\users\ben lee\repos\hw3d follow along\hw3d\debug\hw3d.tlog\link.command.1.tlog
c:\users\ben lee\repos\hw3d follow along\hw3d\debug\hw3d.tlog\link.read.1.tlog
c:\users\ben lee\repos\hw3d follow along\hw3d\debug\hw3d.tlog\link.write.1.tlog
c:\users\ben lee\repos\hw3d follow along\hw3d\debug\hw3d.tlog\rc.command.1.tlog
c:\users\ben lee\repos\hw3d follow along\hw3d\debug\hw3d.tlog\rc.read.1.tlog
c:\users\ben lee\repos\hw3d follow along\hw3d\debug\hw3d.tlog\rc.write.1.tlog
